<?xml version="1.0" encoding="UTF-8"?>
<testng-results skipped="0" failed="0" ignored="0" total="2" passed="2">
  <reporter-output>
  </reporter-output>
  <suite name="Suite" duration-ms="240205" started-at="2019-01-30T12:46:44Z" finished-at="2019-01-30T12:50:45Z">
    <groups>
    </groups>
    <test name="Test1" duration-ms="121565" started-at="2019-01-30T12:46:44Z" finished-at="2019-01-30T12:48:46Z">
      <class name="logsfunctionalityscript.checkforuserlogs">
        <test-method status="PASS" signature="beforemethod(java.lang.String)[pri:0, instance:logsfunctionalityscript.checkforuserlogs@bd8db5a]" name="beforemethod" is-config="true" duration-ms="11066" started-at="2019-01-30T12:46:44Z" finished-at="2019-01-30T12:46:55Z">
          <params>
            <param index="0">
              <value>
                <![CDATA[firefox]]>
              </value>
            </param>
          </params>
          <reporter-output>
          </reporter-output>
        </test-method> <!-- beforemethod -->
        <test-method status="PASS" signature="checkloguser()[pri:0, instance:logsfunctionalityscript.checkforuserlogs@bd8db5a]" name="checkloguser" duration-ms="106945" started-at="2019-01-30T12:46:55Z" finished-at="2019-01-30T12:48:42Z">
          <reporter-output>
          </reporter-output>
        </test-method> <!-- checkloguser -->
        <test-method status="PASS" signature="aftermethod(org.testng.ITestResult)[pri:0, instance:logsfunctionalityscript.checkforuserlogs@bd8db5a]" name="aftermethod" is-config="true" duration-ms="3523" started-at="2019-01-30T12:48:42Z" finished-at="2019-01-30T12:48:46Z">
          <params>
            <param index="0">
              <value>
                <![CDATA[[TestResult name=checkloguser status=SUCCESS method=checkforuserlogs.checkloguser()[pri:0, instance:logsfunctionalityscript.checkforuserlogs@bd8db5a] output={null}]]]>
              </value>
            </param>
          </params>
          <reporter-output>
          </reporter-output>
        </test-method> <!-- aftermethod -->
      </class> <!-- logsfunctionalityscript.checkforuserlogs -->
    </test> <!-- Test1 -->
    <test name="Test2" duration-ms="118577" started-at="2019-01-30T12:48:46Z" finished-at="2019-01-30T12:50:45Z">
      <class name="logsfunctionalityscript.checkforuserlogs">
        <test-method status="PASS" signature="beforemethod(java.lang.String)[pri:0, instance:logsfunctionalityscript.checkforuserlogs@6b9651f3]" name="beforemethod" is-config="true" duration-ms="10729" started-at="2019-01-30T12:48:46Z" finished-at="2019-01-30T12:48:57Z">
          <params>
            <param index="0">
              <value>
                <![CDATA[chrome]]>
              </value>
            </param>
          </params>
          <reporter-output>
          </reporter-output>
        </test-method> <!-- beforemethod -->
        <test-method status="PASS" signature="checkloguser()[pri:0, instance:logsfunctionalityscript.checkforuserlogs@6b9651f3]" name="checkloguser" duration-ms="104334" started-at="2019-01-30T12:48:57Z" finished-at="2019-01-30T12:50:41Z">
          <reporter-output>
          </reporter-output>
        </test-method> <!-- checkloguser -->
        <test-method status="PASS" signature="aftermethod(org.testng.ITestResult)[pri:0, instance:logsfunctionalityscript.checkforuserlogs@6b9651f3]" name="aftermethod" is-config="true" duration-ms="3510" started-at="2019-01-30T12:50:41Z" finished-at="2019-01-30T12:50:45Z">
          <params>
            <param index="0">
              <value>
                <![CDATA[[TestResult name=checkloguser status=SUCCESS method=checkforuserlogs.checkloguser()[pri:0, instance:logsfunctionalityscript.checkforuserlogs@6b9651f3] output={null}]]]>
              </value>
            </param>
          </params>
          <reporter-output>
          </reporter-output>
        </test-method> <!-- aftermethod -->
      </class> <!-- logsfunctionalityscript.checkforuserlogs -->
    </test> <!-- Test2 -->
  </suite> <!-- Suite -->
</testng-results>
