<?xml version="1.0" encoding="UTF-8"?>
<testng-results skipped="0" failed="0" ignored="0" total="1" passed="1">
  <reporter-output>
  </reporter-output>
  <suite name="Suite" duration-ms="122901" started-at="2019-01-16T09:37:09Z" finished-at="2019-01-16T09:39:12Z">
    <groups>
    </groups>
    <test name="Test" duration-ms="122901" started-at="2019-01-16T09:37:09Z" finished-at="2019-01-16T09:39:12Z">
      <class name="installationscript.InstallationScriptLocally">
        <test-method status="PASS" signature="beforemethod()[pri:0, instance:installationscript.InstallationScriptLocally@19d481b]" name="beforemethod" is-config="true" duration-ms="7631" started-at="2019-01-16T09:37:09Z" finished-at="2019-01-16T09:37:16Z">
          <reporter-output>
          </reporter-output>
        </test-method> <!-- beforemethod -->
        <test-method status="PASS" signature="installationtest()[pri:0, instance:installationscript.InstallationScriptLocally@19d481b]" name="installationtest" duration-ms="112947" started-at="2019-01-16T09:37:16Z" finished-at="2019-01-16T09:39:09Z">
          <reporter-output>
          </reporter-output>
        </test-method> <!-- installationtest -->
        <test-method status="PASS" signature="aftermethod(org.testng.ITestResult)[pri:0, instance:installationscript.InstallationScriptLocally@19d481b]" name="aftermethod" is-config="true" duration-ms="2279" started-at="2019-01-16T09:39:09Z" finished-at="2019-01-16T09:39:12Z">
          <params>
            <param index="0">
              <value>
                <![CDATA[[TestResult name=installationtest status=SUCCESS method=InstallationScriptLocally.installationtest()[pri:0, instance:installationscript.InstallationScriptLocally@19d481b] output={null}]]]>
              </value>
            </param>
          </params>
          <reporter-output>
          </reporter-output>
        </test-method> <!-- aftermethod -->
      </class> <!-- installationscript.InstallationScriptLocally -->
    </test> <!-- Test -->
  </suite> <!-- Suite -->
</testng-results>
