<?xml version="1.0" encoding="UTF-8"?>
<testng-results skipped="0" failed="1" ignored="0" total="16" passed="15">
  <reporter-output>
    <line>
      <![CDATA[the user is unverified]]>
    </line>
    <line>
      <![CDATA[the user is ban or deactivated]]>
    </line>
    <line>
      <![CDATA[the admin is verified]]>
    </line>
    <line>
      <![CDATA[the admin is verified]]>
    </line>
    <line>
      <![CDATA[the agent is verified]]>
    </line>
    <line>
      <![CDATA[the agent is verified]]>
    </line>
    <line>
      <![CDATA[the agent  is BAN!! or DEACTIVATED!!!]]>
    </line>
    <line>
      <![CDATA[the admin is verified]]>
    </line>
    <line>
      <![CDATA[the admin is BAN!! or DEACTIVATED!!!]]>
    </line>
    <line>
      <![CDATA[the admin is BAN!! or DEACTIVATED!!!]]>
    </line>
    <line>
      <![CDATA[the user is unverified]]>
    </line>
    <line>
      <![CDATA[the user is ban or deactivated]]>
    </line>
    <line>
      <![CDATA[the agent  is BAN!! or DEACTIVATED!!!]]>
    </line>
    <line>
      <![CDATA[the user is unverified]]>
    </line>
    <line>
      <![CDATA[The admin is unverified]]>
    </line>
  </reporter-output>
  <suite name="Suite" duration-ms="1268352" started-at="2019-01-07T17:06:11Z" finished-at="2019-01-07T17:27:19Z">
    <groups>
    </groups>
    <test name="Test" duration-ms="1268352" started-at="2019-01-07T17:06:11Z" finished-at="2019-01-07T17:27:19Z">
      <class name="loginscriptviaregister.userdeactivated">
        <test-method status="PASS" signature="beforemethod(java.lang.String)[pri:0, instance:loginscriptviaregister.userdeactivated@fad74ee]" name="beforemethod" is-config="true" duration-ms="34481" started-at="2019-01-07T17:21:41Z" finished-at="2019-01-07T17:22:16Z">
          <params>
            <param index="0">
              <value>
                <![CDATA[chrome]]>
              </value>
            </param>
          </params>
          <reporter-output>
          </reporter-output>
        </test-method> <!-- beforemethod -->
        <test-method status="PASS" signature="test()[pri:0, instance:loginscriptviaregister.userdeactivated@fad74ee]" name="test" duration-ms="21246" started-at="2019-01-07T17:22:16Z" finished-at="2019-01-07T17:22:37Z">
          <reporter-output>
            <line>
              <![CDATA[the user is ban or deactivated]]>
            </line>
          </reporter-output>
        </test-method> <!-- test -->
        <test-method status="PASS" signature="aftermethod(org.testng.ITestResult)[pri:0, instance:loginscriptviaregister.userdeactivated@fad74ee]" name="aftermethod" is-config="true" duration-ms="2236" started-at="2019-01-07T17:22:37Z" finished-at="2019-01-07T17:22:39Z">
          <params>
            <param index="0">
              <value>
                <![CDATA[[TestResult name=test status=SUCCESS method=userdeactivated.test()[pri:0, instance:loginscriptviaregister.userdeactivated@fad74ee] output=the user is ban or deactivated]]]>
              </value>
            </param>
          </params>
          <reporter-output>
          </reporter-output>
        </test-method> <!-- aftermethod -->
      </class> <!-- loginscriptviaregister.userdeactivated -->
      <class name="loginscriptviaregister.agentverified">
        <test-method status="PASS" signature="beforemethod(java.lang.String)[pri:0, instance:loginscriptviaregister.agentverified@2353b3e6]" name="beforemethod" is-config="true" duration-ms="36867" started-at="2019-01-07T17:14:11Z" finished-at="2019-01-07T17:14:48Z">
          <params>
            <param index="0">
              <value>
                <![CDATA[chrome]]>
              </value>
            </param>
          </params>
          <reporter-output>
          </reporter-output>
        </test-method> <!-- beforemethod -->
        <test-method status="PASS" signature="test()[pri:0, instance:loginscriptviaregister.agentverified@2353b3e6]" name="test" duration-ms="37028" started-at="2019-01-07T17:14:48Z" finished-at="2019-01-07T17:15:25Z">
          <reporter-output>
            <line>
              <![CDATA[the agent is verified]]>
            </line>
          </reporter-output>
        </test-method> <!-- test -->
        <test-method status="PASS" signature="aftermethod(org.testng.ITestResult)[pri:0, instance:loginscriptviaregister.agentverified@2353b3e6]" name="aftermethod" is-config="true" duration-ms="2300" started-at="2019-01-07T17:15:25Z" finished-at="2019-01-07T17:15:27Z">
          <params>
            <param index="0">
              <value>
                <![CDATA[[TestResult name=test status=SUCCESS method=agentverified.test()[pri:0, instance:loginscriptviaregister.agentverified@2353b3e6] output=the agent is verified]]]>
              </value>
            </param>
          </params>
          <reporter-output>
          </reporter-output>
        </test-method> <!-- aftermethod -->
      </class> <!-- loginscriptviaregister.agentverified -->
      <class name="loginscriptviaregister.agentviaemail">
        <test-method status="PASS" signature="beforemethod(java.lang.String)[pri:0, instance:loginscriptviaregister.agentviaemail@631330c]" name="beforemethod" is-config="true" duration-ms="34487" started-at="2019-01-07T17:15:27Z" finished-at="2019-01-07T17:16:02Z">
          <params>
            <param index="0">
              <value>
                <![CDATA[chrome]]>
              </value>
            </param>
          </params>
          <reporter-output>
          </reporter-output>
        </test-method> <!-- beforemethod -->
        <test-method status="PASS" signature="test()[pri:0, instance:loginscriptviaregister.agentviaemail@631330c]" name="test" duration-ms="41036" started-at="2019-01-07T17:16:02Z" finished-at="2019-01-07T17:16:43Z">
          <reporter-output>
            <line>
              <![CDATA[the agent is verified]]>
            </line>
          </reporter-output>
        </test-method> <!-- test -->
        <test-method status="PASS" signature="aftermethod(org.testng.ITestResult)[pri:0, instance:loginscriptviaregister.agentviaemail@631330c]" name="aftermethod" is-config="true" duration-ms="2220" started-at="2019-01-07T17:16:43Z" finished-at="2019-01-07T17:16:45Z">
          <params>
            <param index="0">
              <value>
                <![CDATA[[TestResult name=test status=SUCCESS method=agentviaemail.test()[pri:0, instance:loginscriptviaregister.agentviaemail@631330c] output=the agent is verified]]]>
              </value>
            </param>
          </params>
          <reporter-output>
          </reporter-output>
        </test-method> <!-- aftermethod -->
      </class> <!-- loginscriptviaregister.agentviaemail -->
      <class name="loginscriptviaregister.clientverified">
        <test-method status="PASS" signature="beforemethod(java.lang.String)[pri:0, instance:loginscriptviaregister.clientverified@37d31475]" name="beforemethod" is-config="true" duration-ms="38245" started-at="2019-01-07T17:23:35Z" finished-at="2019-01-07T17:24:13Z">
          <params>
            <param index="0">
              <value>
                <![CDATA[chrome]]>
              </value>
            </param>
          </params>
          <reporter-output>
          </reporter-output>
        </test-method> <!-- beforemethod -->
        <test-method status="PASS" signature="test()[pri:0, instance:loginscriptviaregister.clientverified@37d31475]" name="test" duration-ms="21315" started-at="2019-01-07T17:24:13Z" finished-at="2019-01-07T17:24:35Z">
          <reporter-output>
            <line>
              <![CDATA[the user is unverified]]>
            </line>
          </reporter-output>
        </test-method> <!-- test -->
        <test-method status="PASS" signature="aftermethod(org.testng.ITestResult)[pri:0, instance:loginscriptviaregister.clientverified@37d31475]" name="aftermethod" is-config="true" duration-ms="2287" started-at="2019-01-07T17:24:35Z" finished-at="2019-01-07T17:24:37Z">
          <params>
            <param index="0">
              <value>
                <![CDATA[[TestResult name=test status=SUCCESS method=clientverified.test()[pri:0, instance:loginscriptviaregister.clientverified@37d31475] output=the user is unverified]]]>
              </value>
            </param>
          </params>
          <reporter-output>
          </reporter-output>
        </test-method> <!-- aftermethod -->
      </class> <!-- loginscriptviaregister.clientverified -->
      <class name="loginscriptviaregister.adminverified">
        <test-method status="PASS" signature="beforemethod(java.lang.String)[pri:0, instance:loginscriptviaregister.adminverified@c46bcd4]" name="beforemethod" is-config="true" duration-ms="33846" started-at="2019-01-07T17:17:51Z" finished-at="2019-01-07T17:18:25Z">
          <params>
            <param index="0">
              <value>
                <![CDATA[chrome]]>
              </value>
            </param>
          </params>
          <reporter-output>
          </reporter-output>
        </test-method> <!-- beforemethod -->
        <test-method status="PASS" signature="test()[pri:0, instance:loginscriptviaregister.adminverified@c46bcd4]" name="test" duration-ms="37359" started-at="2019-01-07T17:18:25Z" finished-at="2019-01-07T17:19:03Z">
          <reporter-output>
            <line>
              <![CDATA[the admin is verified]]>
            </line>
          </reporter-output>
        </test-method> <!-- test -->
        <test-method status="PASS" signature="aftermethod(org.testng.ITestResult)[pri:0, instance:loginscriptviaregister.adminverified@c46bcd4]" name="aftermethod" is-config="true" duration-ms="2273" started-at="2019-01-07T17:19:03Z" finished-at="2019-01-07T17:19:05Z">
          <params>
            <param index="0">
              <value>
                <![CDATA[[TestResult name=test status=SUCCESS method=adminverified.test()[pri:0, instance:loginscriptviaregister.adminverified@c46bcd4] output=the admin is verified]]]>
              </value>
            </param>
          </params>
          <reporter-output>
          </reporter-output>
        </test-method> <!-- aftermethod -->
      </class> <!-- loginscriptviaregister.adminverified -->
      <class name="loginscriptviaregister.adminban">
        <test-method status="PASS" signature="beforemethod(java.lang.String)[pri:0, instance:loginscriptviaregister.adminban@3d921e20]" name="beforemethod" is-config="true" duration-ms="32586" started-at="2019-01-07T17:20:00Z" finished-at="2019-01-07T17:20:33Z">
          <params>
            <param index="0">
              <value>
                <![CDATA[chrome]]>
              </value>
            </param>
          </params>
          <reporter-output>
          </reporter-output>
        </test-method> <!-- beforemethod -->
        <test-method status="PASS" signature="test()[pri:0, instance:loginscriptviaregister.adminban@3d921e20]" name="test" duration-ms="14236" started-at="2019-01-07T17:20:33Z" finished-at="2019-01-07T17:20:47Z">
          <reporter-output>
            <line>
              <![CDATA[the admin is BAN!! or DEACTIVATED!!!]]>
            </line>
          </reporter-output>
        </test-method> <!-- test -->
        <test-method status="PASS" signature="aftermethod(org.testng.ITestResult)[pri:0, instance:loginscriptviaregister.adminban@3d921e20]" name="aftermethod" is-config="true" duration-ms="2272" started-at="2019-01-07T17:20:47Z" finished-at="2019-01-07T17:20:50Z">
          <params>
            <param index="0">
              <value>
                <![CDATA[[TestResult name=test status=SUCCESS method=adminban.test()[pri:0, instance:loginscriptviaregister.adminban@3d921e20] output=the admin is BAN!! or DEACTIVATED!!!]]]>
              </value>
            </param>
          </params>
          <reporter-output>
          </reporter-output>
        </test-method> <!-- aftermethod -->
      </class> <!-- loginscriptviaregister.adminban -->
      <class name="loginscriptviaregister.agentdeactivate">
        <test-method status="PASS" signature="beforemethod(java.lang.String)[pri:0, instance:loginscriptviaregister.agentdeactivate@42f93a98]" name="beforemethod" is-config="true" duration-ms="39229" started-at="2019-01-07T17:16:45Z" finished-at="2019-01-07T17:17:24Z">
          <params>
            <param index="0">
              <value>
                <![CDATA[chrome]]>
              </value>
            </param>
          </params>
          <reporter-output>
          </reporter-output>
        </test-method> <!-- beforemethod -->
        <test-method status="PASS" signature="test()[pri:0, instance:loginscriptviaregister.agentdeactivate@42f93a98]" name="test" duration-ms="24745" started-at="2019-01-07T17:17:24Z" finished-at="2019-01-07T17:17:49Z">
          <reporter-output>
            <line>
              <![CDATA[the agent  is BAN!! or DEACTIVATED!!!]]>
            </line>
          </reporter-output>
        </test-method> <!-- test -->
        <test-method status="PASS" signature="aftermethod(org.testng.ITestResult)[pri:0, instance:loginscriptviaregister.agentdeactivate@42f93a98]" name="aftermethod" is-config="true" duration-ms="2260" started-at="2019-01-07T17:17:49Z" finished-at="2019-01-07T17:17:51Z">
          <params>
            <param index="0">
              <value>
                <![CDATA[[TestResult name=test status=SUCCESS method=agentdeactivate.test()[pri:0, instance:loginscriptviaregister.agentdeactivate@42f93a98] output=the agent  is BAN!! or DEACTIVATED!!!]]]>
              </value>
            </param>
          </params>
          <reporter-output>
          </reporter-output>
        </test-method> <!-- aftermethod -->
      </class> <!-- loginscriptviaregister.agentdeactivate -->
      <class name="loginscriptviaregister.adminverfyemail2">
        <test-method status="PASS" signature="beforemethod(java.lang.String)[pri:0, instance:loginscriptviaregister.adminverfyemail2@51e2adc7]" name="beforemethod" is-config="true" duration-ms="43774" started-at="2019-01-07T17:10:47Z" finished-at="2019-01-07T17:11:31Z">
          <params>
            <param index="0">
              <value>
                <![CDATA[chrome]]>
              </value>
            </param>
          </params>
          <reporter-output>
          </reporter-output>
        </test-method> <!-- beforemethod -->
        <test-method status="PASS" signature="test()[pri:0, instance:loginscriptviaregister.adminverfyemail2@51e2adc7]" name="test" duration-ms="49594" started-at="2019-01-07T17:11:31Z" finished-at="2019-01-07T17:12:20Z">
          <reporter-output>
            <line>
              <![CDATA[the admin is verified]]>
            </line>
          </reporter-output>
        </test-method> <!-- test -->
        <test-method status="PASS" signature="aftermethod(org.testng.ITestResult)[pri:0, instance:loginscriptviaregister.adminverfyemail2@51e2adc7]" name="aftermethod" is-config="true" duration-ms="2311" started-at="2019-01-07T17:12:20Z" finished-at="2019-01-07T17:12:23Z">
          <params>
            <param index="0">
              <value>
                <![CDATA[[TestResult name=test status=SUCCESS method=adminverfyemail2.test()[pri:0, instance:loginscriptviaregister.adminverfyemail2@51e2adc7] output=the admin is verified]]]>
              </value>
            </param>
          </params>
          <reporter-output>
          </reporter-output>
        </test-method> <!-- aftermethod -->
      </class> <!-- loginscriptviaregister.adminverfyemail2 -->
      <class name="loginscriptviaregister.adminemail">
        <test-method status="PASS" signature="beforemethod(java.lang.String)[pri:0, instance:loginscriptviaregister.adminemail@1a8a8f7c]" name="beforemethod" is-config="true" duration-ms="48947" started-at="2019-01-07T17:12:23Z" finished-at="2019-01-07T17:13:12Z">
          <params>
            <param index="0">
              <value>
                <![CDATA[chrome]]>
              </value>
            </param>
          </params>
          <reporter-output>
          </reporter-output>
        </test-method> <!-- beforemethod -->
        <test-method status="PASS" signature="test()[pri:0, instance:loginscriptviaregister.adminemail@1a8a8f7c]" name="test" duration-ms="55463" started-at="2019-01-07T17:13:12Z" finished-at="2019-01-07T17:14:07Z">
          <reporter-output>
            <line>
              <![CDATA[the admin is verified]]>
            </line>
          </reporter-output>
        </test-method> <!-- test -->
        <test-method status="PASS" signature="aftermethod(org.testng.ITestResult)[pri:0, instance:loginscriptviaregister.adminemail@1a8a8f7c]" name="aftermethod" is-config="true" duration-ms="4114" started-at="2019-01-07T17:14:07Z" finished-at="2019-01-07T17:14:11Z">
          <params>
            <param index="0">
              <value>
                <![CDATA[[TestResult name=test status=SUCCESS method=adminemail.test()[pri:0, instance:loginscriptviaregister.adminemail@1a8a8f7c] output=the admin is verified]]]>
              </value>
            </param>
          </params>
          <reporter-output>
          </reporter-output>
        </test-method> <!-- aftermethod -->
      </class> <!-- loginscriptviaregister.adminemail -->
      <class name="loginscriptviaregister.userban">
        <test-method status="PASS" signature="beforemethod(java.lang.String)[pri:0, instance:loginscriptviaregister.userban@7a187f14]" name="beforemethod" is-config="true" duration-ms="47701" started-at="2019-01-07T17:08:10Z" finished-at="2019-01-07T17:08:58Z">
          <params>
            <param index="0">
              <value>
                <![CDATA[chrome]]>
              </value>
            </param>
          </params>
          <reporter-output>
          </reporter-output>
        </test-method> <!-- beforemethod -->
        <test-method status="PASS" signature="test()[pri:0, instance:loginscriptviaregister.userban@7a187f14]" name="test" duration-ms="21731" started-at="2019-01-07T17:08:58Z" finished-at="2019-01-07T17:09:20Z">
          <reporter-output>
            <line>
              <![CDATA[the user is ban or deactivated]]>
            </line>
          </reporter-output>
        </test-method> <!-- test -->
        <test-method status="PASS" signature="aftermethod(org.testng.ITestResult)[pri:0, instance:loginscriptviaregister.userban@7a187f14]" name="aftermethod" is-config="true" duration-ms="2314" started-at="2019-01-07T17:09:20Z" finished-at="2019-01-07T17:09:22Z">
          <params>
            <param index="0">
              <value>
                <![CDATA[[TestResult name=test status=SUCCESS method=userban.test()[pri:0, instance:loginscriptviaregister.userban@7a187f14] output=the user is ban or deactivated]]]>
              </value>
            </param>
          </params>
          <reporter-output>
          </reporter-output>
        </test-method> <!-- aftermethod -->
      </class> <!-- loginscriptviaregister.userban -->
      <class name="loginscriptviaregister.agentban">
        <test-method status="PASS" signature="beforemethod(java.lang.String)[pri:0, instance:loginscriptviaregister.agentban@1a1d6a08]" name="beforemethod" is-config="true" duration-ms="32808" started-at="2019-01-07T17:22:39Z" finished-at="2019-01-07T17:23:12Z">
          <params>
            <param index="0">
              <value>
                <![CDATA[chrome]]>
              </value>
            </param>
          </params>
          <reporter-output>
          </reporter-output>
        </test-method> <!-- beforemethod -->
        <test-method status="PASS" signature="test()[pri:0, instance:loginscriptviaregister.agentban@1a1d6a08]" name="test" duration-ms="20790" started-at="2019-01-07T17:23:12Z" finished-at="2019-01-07T17:23:33Z">
          <reporter-output>
            <line>
              <![CDATA[the agent  is BAN!! or DEACTIVATED!!!]]>
            </line>
          </reporter-output>
        </test-method> <!-- test -->
        <test-method status="PASS" signature="aftermethod(org.testng.ITestResult)[pri:0, instance:loginscriptviaregister.agentban@1a1d6a08]" name="aftermethod" is-config="true" duration-ms="2257" started-at="2019-01-07T17:23:33Z" finished-at="2019-01-07T17:23:35Z">
          <params>
            <param index="0">
              <value>
                <![CDATA[[TestResult name=test status=SUCCESS method=agentban.test()[pri:0, instance:loginscriptviaregister.agentban@1a1d6a08] output=the agent  is BAN!! or DEACTIVATED!!!]]]>
              </value>
            </param>
          </params>
          <reporter-output>
          </reporter-output>
        </test-method> <!-- aftermethod -->
      </class> <!-- loginscriptviaregister.agentban -->
      <class name="loginscriptviaregister.clientverifiedemail1">
        <test-method status="PASS" signature="beforemethod(java.lang.String)[pri:0, instance:loginscriptviaregister.clientverifiedemail1@36b4cef0]" name="beforemethod" is-config="true" duration-ms="35558" started-at="2019-01-07T17:20:50Z" finished-at="2019-01-07T17:21:25Z">
          <params>
            <param index="0">
              <value>
                <![CDATA[chrome]]>
              </value>
            </param>
          </params>
          <reporter-output>
          </reporter-output>
        </test-method> <!-- beforemethod -->
        <test-method status="PASS" signature="test()[pri:0, instance:loginscriptviaregister.clientverifiedemail1@36b4cef0]" name="test" duration-ms="14082" started-at="2019-01-07T17:21:25Z" finished-at="2019-01-07T17:21:39Z">
          <reporter-output>
            <line>
              <![CDATA[the user is unverified]]>
            </line>
          </reporter-output>
        </test-method> <!-- test -->
        <test-method status="PASS" signature="aftermethod(org.testng.ITestResult)[pri:0, instance:loginscriptviaregister.clientverifiedemail1@36b4cef0]" name="aftermethod" is-config="true" duration-ms="2232" started-at="2019-01-07T17:21:39Z" finished-at="2019-01-07T17:21:41Z">
          <params>
            <param index="0">
              <value>
                <![CDATA[[TestResult name=test status=SUCCESS method=clientverifiedemail1.test()[pri:0, instance:loginscriptviaregister.clientverifiedemail1@36b4cef0] output=the user is unverified]]]>
              </value>
            </param>
          </params>
          <reporter-output>
          </reporter-output>
        </test-method> <!-- aftermethod -->
      </class> <!-- loginscriptviaregister.clientverifiedemail1 -->
      <class name="loginscriptviaregister.agentunverified">
        <test-method status="PASS" signature="beforemethod(java.lang.String)[pri:0, instance:loginscriptviaregister.agentunverified@6f195bc3]" name="beforemethod" is-config="true" duration-ms="60264" started-at="2019-01-07T17:09:22Z" finished-at="2019-01-07T17:10:23Z">
          <params>
            <param index="0">
              <value>
                <![CDATA[chrome]]>
              </value>
            </param>
          </params>
          <reporter-output>
          </reporter-output>
        </test-method> <!-- beforemethod -->
        <test-method status="PASS" signature="test()[pri:0, instance:loginscriptviaregister.agentunverified@6f195bc3]" name="test" duration-ms="20428" started-at="2019-01-07T17:10:23Z" finished-at="2019-01-07T17:10:43Z">
          <reporter-output>
          </reporter-output>
        </test-method> <!-- test -->
        <test-method status="PASS" signature="aftermethod(org.testng.ITestResult)[pri:0, instance:loginscriptviaregister.agentunverified@6f195bc3]" name="aftermethod" is-config="true" duration-ms="4124" started-at="2019-01-07T17:10:43Z" finished-at="2019-01-07T17:10:47Z">
          <params>
            <param index="0">
              <value>
                <![CDATA[[TestResult name=test status=SUCCESS method=agentunverified.test()[pri:0, instance:loginscriptviaregister.agentunverified@6f195bc3] output={null}]]]>
              </value>
            </param>
          </params>
          <reporter-output>
          </reporter-output>
        </test-method> <!-- aftermethod -->
      </class> <!-- loginscriptviaregister.agentunverified -->
      <class name="loginscriptviaregister.adminunverified">
        <test-method status="PASS" signature="beforemethod(java.lang.String)[pri:0, instance:loginscriptviaregister.adminunverified@27808f31]" name="beforemethod" is-config="true" duration-ms="39412" started-at="2019-01-07T17:24:37Z" finished-at="2019-01-07T17:25:16Z">
          <params>
            <param index="0">
              <value>
                <![CDATA[chrome]]>
              </value>
            </param>
          </params>
          <reporter-output>
          </reporter-output>
        </test-method> <!-- beforemethod -->
        <test-method status="FAIL" signature="test()[pri:0, instance:loginscriptviaregister.adminunverified@27808f31]" name="test" duration-ms="116476" started-at="2019-01-07T17:25:16Z" finished-at="2019-01-07T17:27:13Z">
          <exception class="java.lang.AssertionError">
            <full-stacktrace>
              <![CDATA[java.lang.AssertionError
at org.junit.Assert.fail(Assert.java:86)
at org.junit.Assert.fail(Assert.java:95)
at Generic.Basepage1.elementvisiblity(Basepage1.java:35)
at loginscriptviaregister.adminunverified.test(adminunverified.java:23)
at sun.reflect.NativeMethodAccessorImpl.invoke0(Native Method)
at sun.reflect.NativeMethodAccessorImpl.invoke(Unknown Source)
at sun.reflect.DelegatingMethodAccessorImpl.invoke(Unknown Source)
at java.lang.reflect.Method.invoke(Unknown Source)
at org.testng.internal.MethodInvocationHelper.invokeMethod(MethodInvocationHelper.java:124)
at org.testng.internal.Invoker.invokeMethod(Invoker.java:580)
at org.testng.internal.Invoker.invokeTestMethod(Invoker.java:716)
at org.testng.internal.Invoker.invokeTestMethods(Invoker.java:988)
at org.testng.internal.TestMethodWorker.invokeTestMethods(TestMethodWorker.java:125)
at org.testng.internal.TestMethodWorker.run(TestMethodWorker.java:109)
at org.testng.TestRunner.privateRun(TestRunner.java:648)
at org.testng.TestRunner.run(TestRunner.java:505)
at org.testng.SuiteRunner.runTest(SuiteRunner.java:455)
at org.testng.SuiteRunner.runSequentially(SuiteRunner.java:450)
at org.testng.SuiteRunner.privateRun(SuiteRunner.java:415)
at org.testng.SuiteRunner.run(SuiteRunner.java:364)
at org.testng.SuiteRunnerWorker.runSuite(SuiteRunnerWorker.java:52)
at org.testng.SuiteRunnerWorker.run(SuiteRunnerWorker.java:84)
at org.testng.TestNG.runSuitesSequentially(TestNG.java:1208)
at org.testng.TestNG.runSuitesLocally(TestNG.java:1137)
at org.testng.TestNG.runSuites(TestNG.java:1049)
at org.testng.TestNG.run(TestNG.java:1017)
at org.testng.remote.AbstractRemoteTestNG.run(AbstractRemoteTestNG.java:114)
at org.testng.remote.RemoteTestNG.initAndRun(RemoteTestNG.java:251)
at org.testng.remote.RemoteTestNG.main(RemoteTestNG.java:77)
]]>
            </full-stacktrace>
          </exception> <!-- java.lang.AssertionError -->
          <reporter-output>
            <line>
              <![CDATA[The admin is unverified]]>
            </line>
          </reporter-output>
        </test-method> <!-- test -->
        <test-method status="FAIL" signature="aftermethod(org.testng.ITestResult)[pri:0, instance:loginscriptviaregister.adminunverified@27808f31]" name="aftermethod" is-config="true" duration-ms="6174" started-at="2019-01-07T17:27:13Z" finished-at="2019-01-07T17:27:19Z">
          <params>
            <param index="0">
              <value>
                <![CDATA[[TestResult name=test status=FAILURE method=adminunverified.test()[pri:0, instance:loginscriptviaregister.adminunverified@27808f31] output=The admin is unverified]]]>
              </value>
            </param>
          </params>
          <exception class="org.openqa.selenium.WebDriverException">
            <message>
              <![CDATA[chrome not reachable
  (Session info: chrome=71.0.3578.98)
  (Driver info: chromedriver=2.42.591088 (7b2b2dca23cca0862f674758c9a3933e685c27d5),platform=Windows NT 10.0.17134 x86_64) (WARNING: The server did not provide any stacktrace information)
Command duration or timeout: 0 milliseconds
Build info: version: '3.14.0', revision: 'aacccce0', time: '2018-08-02T20:13:22.693Z'
System info: host: 'LAPTOP-PHDB1SI7', ip: '192.168.1.13', os.name: 'Windows 10', os.arch: 'amd64', os.version: '10.0', java.version: '1.8.0_152'
Driver info: org.openqa.selenium.chrome.ChromeDriver
Capabilities {acceptInsecureCerts: false, acceptSslCerts: false, applicationCacheEnabled: false, browserConnectionEnabled: false, browserName: chrome, chrome: {chromedriverVersion: 2.42.591088 (7b2b2dca23cca0..., userDataDir: C:\Users\pc\AppData\Local\T...}, cssSelectorsEnabled: true, databaseEnabled: false, goog:chromeOptions: {debuggerAddress: localhost:63110}, handlesAlerts: true, hasTouchScreen: false, javascriptEnabled: true, locationContextEnabled: true, mobileEmulationEnabled: false, nativeEvents: true, networkConnectionEnabled: false, pageLoadStrategy: normal, platform: XP, platformName: XP, rotatable: false, setWindowRect: true, takesHeapSnapshot: true, takesScreenshot: true, unexpectedAlertBehaviour: , unhandledPromptBehavior: , version: 71.0.3578.98, webStorageEnabled: true}
Session ID: 0884d55f5e50166ed09204c43b3f0e3e]]>
            </message>
            <full-stacktrace>
              <![CDATA[org.openqa.selenium.WebDriverException: chrome not reachable
  (Session info: chrome=71.0.3578.98)
  (Driver info: chromedriver=2.42.591088 (7b2b2dca23cca0862f674758c9a3933e685c27d5),platform=Windows NT 10.0.17134 x86_64) (WARNING: The server did not provide any stacktrace information)
Command duration or timeout: 0 milliseconds
Build info: version: '3.14.0', revision: 'aacccce0', time: '2018-08-02T20:13:22.693Z'
System info: host: 'LAPTOP-PHDB1SI7', ip: '192.168.1.13', os.name: 'Windows 10', os.arch: 'amd64', os.version: '10.0', java.version: '1.8.0_152'
Driver info: org.openqa.selenium.chrome.ChromeDriver
Capabilities {acceptInsecureCerts: false, acceptSslCerts: false, applicationCacheEnabled: false, browserConnectionEnabled: false, browserName: chrome, chrome: {chromedriverVersion: 2.42.591088 (7b2b2dca23cca0..., userDataDir: C:\Users\pc\AppData\Local\T...}, cssSelectorsEnabled: true, databaseEnabled: false, goog:chromeOptions: {debuggerAddress: localhost:63110}, handlesAlerts: true, hasTouchScreen: false, javascriptEnabled: true, locationContextEnabled: true, mobileEmulationEnabled: false, nativeEvents: true, networkConnectionEnabled: false, pageLoadStrategy: normal, platform: XP, platformName: XP, rotatable: false, setWindowRect: true, takesHeapSnapshot: true, takesScreenshot: true, unexpectedAlertBehaviour: , unhandledPromptBehavior: , version: 71.0.3578.98, webStorageEnabled: true}
Session ID: 0884d55f5e50166ed09204c43b3f0e3e
at sun.reflect.NativeConstructorAccessorImpl.newInstance0(Native Method)
at sun.reflect.NativeConstructorAccessorImpl.newInstance(Unknown Source)
at sun.reflect.DelegatingConstructorAccessorImpl.newInstance(Unknown Source)
at java.lang.reflect.Constructor.newInstance(Unknown Source)
at org.openqa.selenium.remote.ErrorHandler.createThrowable(ErrorHandler.java:214)
at org.openqa.selenium.remote.ErrorHandler.throwIfResponseFailed(ErrorHandler.java:166)
at org.openqa.selenium.remote.http.JsonHttpResponseCodec.reconstructValue(JsonHttpResponseCodec.java:40)
at org.openqa.selenium.remote.http.AbstractHttpResponseCodec.decode(AbstractHttpResponseCodec.java:80)
at org.openqa.selenium.remote.http.AbstractHttpResponseCodec.decode(AbstractHttpResponseCodec.java:44)
at org.openqa.selenium.remote.HttpCommandExecutor.execute(HttpCommandExecutor.java:158)
at org.openqa.selenium.remote.service.DriverCommandExecutor.execute(DriverCommandExecutor.java:83)
at org.openqa.selenium.remote.RemoteWebDriver.execute(RemoteWebDriver.java:548)
at org.openqa.selenium.remote.RemoteWebDriver.execute(RemoteWebDriver.java:605)
at org.openqa.selenium.remote.RemoteWebDriver.getScreenshotAs(RemoteWebDriver.java:294)
at Generic.Screenshot.getphoto(Screenshot.java:16)
at Generic.Basetestloginviaregister.aftermethod(Basetestloginviaregister.java:35)
at sun.reflect.NativeMethodAccessorImpl.invoke0(Native Method)
at sun.reflect.NativeMethodAccessorImpl.invoke(Unknown Source)
at sun.reflect.DelegatingMethodAccessorImpl.invoke(Unknown Source)
at java.lang.reflect.Method.invoke(Unknown Source)
at org.testng.internal.MethodInvocationHelper.invokeMethod(MethodInvocationHelper.java:124)
at org.testng.internal.MethodInvocationHelper.invokeMethodConsideringTimeout(MethodInvocationHelper.java:59)
at org.testng.internal.Invoker.invokeConfigurationMethod(Invoker.java:455)
at org.testng.internal.Invoker.invokeConfigurations(Invoker.java:222)
at org.testng.internal.Invoker.invokeMethod(Invoker.java:643)
at org.testng.internal.Invoker.invokeTestMethod(Invoker.java:716)
at org.testng.internal.Invoker.invokeTestMethods(Invoker.java:988)
at org.testng.internal.TestMethodWorker.invokeTestMethods(TestMethodWorker.java:125)
at org.testng.internal.TestMethodWorker.run(TestMethodWorker.java:109)
at org.testng.TestRunner.privateRun(TestRunner.java:648)
at org.testng.TestRunner.run(TestRunner.java:505)
at org.testng.SuiteRunner.runTest(SuiteRunner.java:455)
at org.testng.SuiteRunner.runSequentially(SuiteRunner.java:450)
at org.testng.SuiteRunner.privateRun(SuiteRunner.java:415)
at org.testng.SuiteRunner.run(SuiteRunner.java:364)
at org.testng.SuiteRunnerWorker.runSuite(SuiteRunnerWorker.java:52)
at org.testng.SuiteRunnerWorker.run(SuiteRunnerWorker.java:84)
at org.testng.TestNG.runSuitesSequentially(TestNG.java:1208)
at org.testng.TestNG.runSuitesLocally(TestNG.java:1137)
at org.testng.TestNG.runSuites(TestNG.java:1049)
at org.testng.TestNG.run(TestNG.java:1017)
at org.testng.remote.AbstractRemoteTestNG.run(AbstractRemoteTestNG.java:114)
at org.testng.remote.RemoteTestNG.initAndRun(RemoteTestNG.java:251)
at org.testng.remote.RemoteTestNG.main(RemoteTestNG.java:77)
]]>
            </full-stacktrace>
          </exception> <!-- org.openqa.selenium.WebDriverException -->
          <reporter-output>
          </reporter-output>
        </test-method> <!-- aftermethod -->
      </class> <!-- loginscriptviaregister.adminunverified -->
      <class name="loginscriptviaregister.clientunverified">
        <test-method status="PASS" signature="beforemethod(java.lang.String)[pri:0, instance:loginscriptviaregister.clientunverified@307f6b8c]" name="beforemethod" is-config="true" duration-ms="68093" started-at="2019-01-07T17:06:11Z" finished-at="2019-01-07T17:07:19Z">
          <params>
            <param index="0">
              <value>
                <![CDATA[chrome]]>
              </value>
            </param>
          </params>
          <reporter-output>
          </reporter-output>
        </test-method> <!-- beforemethod -->
        <test-method status="PASS" signature="test()[pri:0, instance:loginscriptviaregister.clientunverified@307f6b8c]" name="test" duration-ms="49407" started-at="2019-01-07T17:07:19Z" finished-at="2019-01-07T17:08:08Z">
          <reporter-output>
            <line>
              <![CDATA[the user is unverified]]>
            </line>
          </reporter-output>
        </test-method> <!-- test -->
        <test-method status="PASS" signature="aftermethod(org.testng.ITestResult)[pri:0, instance:loginscriptviaregister.clientunverified@307f6b8c]" name="aftermethod" is-config="true" duration-ms="2208" started-at="2019-01-07T17:08:08Z" finished-at="2019-01-07T17:08:10Z">
          <params>
            <param index="0">
              <value>
                <![CDATA[[TestResult name=test status=SUCCESS method=clientunverified.test()[pri:0, instance:loginscriptviaregister.clientunverified@307f6b8c] output=the user is unverified]]]>
              </value>
            </param>
          </params>
          <reporter-output>
          </reporter-output>
        </test-method> <!-- aftermethod -->
      </class> <!-- loginscriptviaregister.clientunverified -->
      <class name="loginscriptviaregister.admindeactivate">
        <test-method status="PASS" signature="beforemethod(java.lang.String)[pri:0, instance:loginscriptviaregister.admindeactivate@3234e239]" name="beforemethod" is-config="true" duration-ms="33069" started-at="2019-01-07T17:19:05Z" finished-at="2019-01-07T17:19:38Z">
          <params>
            <param index="0">
              <value>
                <![CDATA[chrome]]>
              </value>
            </param>
          </params>
          <reporter-output>
          </reporter-output>
        </test-method> <!-- beforemethod -->
        <test-method status="PASS" signature="test()[pri:0, instance:loginscriptviaregister.admindeactivate@3234e239]" name="test" duration-ms="20160" started-at="2019-01-07T17:19:38Z" finished-at="2019-01-07T17:19:58Z">
          <reporter-output>
            <line>
              <![CDATA[the admin is BAN!! or DEACTIVATED!!!]]>
            </line>
          </reporter-output>
        </test-method> <!-- test -->
        <test-method status="PASS" signature="aftermethod(org.testng.ITestResult)[pri:0, instance:loginscriptviaregister.admindeactivate@3234e239]" name="aftermethod" is-config="true" duration-ms="2252" started-at="2019-01-07T17:19:58Z" finished-at="2019-01-07T17:20:00Z">
          <params>
            <param index="0">
              <value>
                <![CDATA[[TestResult name=test status=SUCCESS method=admindeactivate.test()[pri:0, instance:loginscriptviaregister.admindeactivate@3234e239] output=the admin is BAN!! or DEACTIVATED!!!]]]>
              </value>
            </param>
          </params>
          <reporter-output>
          </reporter-output>
        </test-method> <!-- aftermethod -->
      </class> <!-- loginscriptviaregister.admindeactivate -->
    </test> <!-- Test -->
  </suite> <!-- Suite -->
</testng-results>
