<?xml version="1.0" encoding="UTF-8"?>
<testng-results skipped="0" failed="0" ignored="0" total="2" passed="2">
  <reporter-output>
  </reporter-output>
  <suite name="Suite" duration-ms="125447" started-at="2019-02-09T06:59:38Z" finished-at="2019-02-09T07:01:43Z">
    <groups>
    </groups>
    <test name="Test1" duration-ms="65260" started-at="2019-02-09T06:59:38Z" finished-at="2019-02-09T07:00:43Z">
      <class name="logsfunctionalityscript.Assign_ticket_to_team_script">
        <test-method status="PASS" signature="beforemethod(java.lang.String)[pri:0, instance:logsfunctionalityscript.Assign_ticket_to_team_script@bd8db5a]" name="beforemethod" is-config="true" duration-ms="10153" started-at="2019-02-09T06:59:38Z" finished-at="2019-02-09T06:59:48Z">
          <params>
            <param index="0">
              <value>
                <![CDATA[firefox]]>
              </value>
            </param>
          </params>
          <reporter-output>
          </reporter-output>
        </test-method> <!-- beforemethod -->
        <test-method status="PASS" signature="assignTicket()[pri:0, instance:logsfunctionalityscript.Assign_ticket_to_team_script@bd8db5a]" name="assignTicket" duration-ms="49609" started-at="2019-02-09T06:59:48Z" finished-at="2019-02-09T07:00:38Z">
          <reporter-output>
          </reporter-output>
        </test-method> <!-- assignTicket -->
        <test-method status="PASS" signature="aftermethod(org.testng.ITestResult)[pri:0, instance:logsfunctionalityscript.Assign_ticket_to_team_script@bd8db5a]" name="aftermethod" is-config="true" duration-ms="5482" started-at="2019-02-09T07:00:38Z" finished-at="2019-02-09T07:00:43Z">
          <params>
            <param index="0">
              <value>
                <![CDATA[[TestResult name=assignTicket status=SUCCESS method=Assign_ticket_to_team_script.assignTicket()[pri:0, instance:logsfunctionalityscript.Assign_ticket_to_team_script@bd8db5a] output={null}]]]>
              </value>
            </param>
          </params>
          <reporter-output>
          </reporter-output>
        </test-method> <!-- aftermethod -->
      </class> <!-- logsfunctionalityscript.Assign_ticket_to_team_script -->
    </test> <!-- Test1 -->
    <test name="Test2" duration-ms="60141" started-at="2019-02-09T07:00:43Z" finished-at="2019-02-09T07:01:43Z">
      <class name="logsfunctionalityscript.Assign_ticket_to_team_script">
        <test-method status="PASS" signature="beforemethod(java.lang.String)[pri:0, instance:logsfunctionalityscript.Assign_ticket_to_team_script@6b9651f3]" name="beforemethod" is-config="true" duration-ms="7819" started-at="2019-02-09T07:00:43Z" finished-at="2019-02-09T07:00:51Z">
          <params>
            <param index="0">
              <value>
                <![CDATA[chrome]]>
              </value>
            </param>
          </params>
          <reporter-output>
          </reporter-output>
        </test-method> <!-- beforemethod -->
        <test-method status="PASS" signature="assignTicket()[pri:0, instance:logsfunctionalityscript.Assign_ticket_to_team_script@6b9651f3]" name="assignTicket" duration-ms="46636" started-at="2019-02-09T07:00:51Z" finished-at="2019-02-09T07:01:38Z">
          <reporter-output>
          </reporter-output>
        </test-method> <!-- assignTicket -->
        <test-method status="PASS" signature="aftermethod(org.testng.ITestResult)[pri:0, instance:logsfunctionalityscript.Assign_ticket_to_team_script@6b9651f3]" name="aftermethod" is-config="true" duration-ms="5686" started-at="2019-02-09T07:01:38Z" finished-at="2019-02-09T07:01:43Z">
          <params>
            <param index="0">
              <value>
                <![CDATA[[TestResult name=assignTicket status=SUCCESS method=Assign_ticket_to_team_script.assignTicket()[pri:0, instance:logsfunctionalityscript.Assign_ticket_to_team_script@6b9651f3] output={null}]]]>
              </value>
            </param>
          </params>
          <reporter-output>
          </reporter-output>
        </test-method> <!-- aftermethod -->
      </class> <!-- logsfunctionalityscript.Assign_ticket_to_team_script -->
    </test> <!-- Test2 -->
  </suite> <!-- Suite -->
</testng-results>
