<?xml version="1.0" encoding="UTF-8"?>
<testng-results skipped="0" failed="0" ignored="0" total="1" passed="1">
  <reporter-output>
  </reporter-output>
  <suite name="Suite" duration-ms="61761" started-at="2019-01-28T13:06:45Z" finished-at="2019-01-28T13:07:46Z">
    <groups>
    </groups>
    <test name="Test" duration-ms="61761" started-at="2019-01-28T13:06:45Z" finished-at="2019-01-28T13:07:46Z">
      <class name="logsfunctionalityscript.scriptcreateticket">
        <test-method status="PASS" signature="beforemethod(java.lang.String)[pri:0, instance:logsfunctionalityscript.scriptcreateticket@bd8db5a]" name="beforemethod" is-config="true" duration-ms="17956" started-at="2019-01-28T13:06:45Z" finished-at="2019-01-28T13:07:03Z">
          <params>
            <param index="0">
              <value>
                <![CDATA[firefox]]>
              </value>
            </param>
          </params>
          <reporter-output>
          </reporter-output>
        </test-method> <!-- beforemethod -->
        <test-method status="PASS" signature="createtickets()[pri:1, instance:logsfunctionalityscript.scriptcreateticket@bd8db5a]" name="createtickets" duration-ms="40249" started-at="2019-01-28T13:07:03Z" finished-at="2019-01-28T13:07:43Z">
          <reporter-output>
          </reporter-output>
        </test-method> <!-- createtickets -->
        <test-method status="PASS" signature="aftermethod(org.testng.ITestResult)[pri:0, instance:logsfunctionalityscript.scriptcreateticket@bd8db5a]" name="aftermethod" is-config="true" duration-ms="3520" started-at="2019-01-28T13:07:43Z" finished-at="2019-01-28T13:07:46Z">
          <params>
            <param index="0">
              <value>
                <![CDATA[[TestResult name=createtickets status=SUCCESS method=scriptcreateticket.createtickets()[pri:1, instance:logsfunctionalityscript.scriptcreateticket@bd8db5a] output={null}]]]>
              </value>
            </param>
          </params>
          <reporter-output>
          </reporter-output>
        </test-method> <!-- aftermethod -->
      </class> <!-- logsfunctionalityscript.scriptcreateticket -->
    </test> <!-- Test -->
  </suite> <!-- Suite -->
</testng-results>
