<?xml version="1.0" encoding="UTF-8"?>
<!-- Generated by org.testng.reporters.JUnitReportReporter -->
<testsuite skipped="0" hostname="LAPTOP-PHDB1SI7" name="logsfunctionalityscript.registermail" tests="2" failures="0" timestamp="30 Jan 2019 08:03:13 GMT" time="89.384" errors="0">
  <testcase name="checkmail" time="34.387" classname="logsfunctionalityscript.registermail"/>
  <testcase name="checkmail" time="54.997" classname="logsfunctionalityscript.registermail"/>
</testsuite> <!-- logsfunctionalityscript.registermail -->
