<?xml version="1.0" encoding="UTF-8"?>
<!-- Generated by org.testng.reporters.JUnitReportReporter -->
<testsuite skipped="0" hostname="LAPTOP-PHDB1SI7" name="scriptemailsettings.switchurl" tests="2" failures="0" timestamp="17 Jan 2019 11:48:51 GMT" time="42.839" errors="0">
  <testcase name="testagent" time="21.865" classname="scriptemailsettings.switchurl"/>
  <testcase name="testclient" time="20.974" classname="scriptemailsettings.switchurl"/>
</testsuite> <!-- scriptemailsettings.switchurl -->
