<?xml version="1.0" encoding="UTF-8"?>
<!-- Generated by org.testng.reporters.JUnitReportReporter -->
<testsuite skipped="0" hostname="LAPTOP-PHDB1SI7" name="logsfunctionalityscript.checkforuserlogs" tests="2" failures="0" timestamp="30 Jan 2019 12:50:45 GMT" time="240.107" errors="0">
  <testcase name="checkloguser" time="121.534" classname="logsfunctionalityscript.checkforuserlogs"/>
  <testcase name="checkloguser" time="118.573" classname="logsfunctionalityscript.checkforuserlogs"/>
</testsuite> <!-- logsfunctionalityscript.checkforuserlogs -->
