<?xml version="1.0" encoding="UTF-8"?>
<!-- Generated by org.testng.reporters.JUnitReportReporter -->
<testsuite skipped="0" hostname="LAPTOP-PHDB1SI7" name="logsfunctionalityscript.Logscheckforuserlogsscript" tests="2" failures="0" timestamp="04 Feb 2019 08:02:35 GMT" time="259.837" errors="0">
  <testcase name="checkloguser" time="120.263" classname="logsfunctionalityscript.Logscheckforuserlogsscript"/>
  <testcase name="checkloguser" time="139.574" classname="logsfunctionalityscript.Logscheckforuserlogsscript"/>
</testsuite> <!-- logsfunctionalityscript.Logscheckforuserlogsscript -->
