<?xml version="1.0" encoding="UTF-8"?>
<!-- Generated by org.testng.reporters.JUnitReportReporter -->
<testsuite skipped="0" hostname="LAPTOP-PHDB1SI7" name="logsfunctionalityscript.Logs_Assign_the_ticket_script" tests="2" failures="0" timestamp="05 Feb 2019 07:47:00 GMT" time="111.811" errors="0">
  <testcase name="assignTicket" time="65.786" classname="logsfunctionalityscript.Logs_Assign_the_ticket_script"/>
  <testcase name="assignTicket" time="46.025" classname="logsfunctionalityscript.Logs_Assign_the_ticket_script"/>
</testsuite> <!-- logsfunctionalityscript.Logs_Assign_the_ticket_script -->
