<?xml version="1.0" encoding="UTF-8"?>
<!-- Generated by org.testng.reporters.JUnitReportReporter -->
<testsuite skipped="0" hostname="LAPTOP-PHDB1SI7" name="logsfunctionalityscript.Logs_forgot_password" tests="2" failures="0" timestamp="06 Feb 2019 13:22:41 GMT" time="81.873" errors="0">
  <testcase name="forgot_password" time="37.449" classname="logsfunctionalityscript.Logs_forgot_password"/>
  <testcase name="forgot_password" time="44.424" classname="logsfunctionalityscript.Logs_forgot_password"/>
</testsuite> <!-- logsfunctionalityscript.Logs_forgot_password -->
