<?xml version="1.0" encoding="UTF-8"?>
<!-- Generated by org.testng.reporters.JUnitReportReporter -->
<testsuite skipped="0" hostname="LAPTOP-PHDB1SI7" name="logsfunctionalityscript.Check_ticket_client_script" tests="2" failures="0" timestamp="09 Feb 2019 05:15:00 GMT" time="192.264" errors="0">
  <testcase name="Checkticketstatus" time="98.319" classname="logsfunctionalityscript.Check_ticket_client_script"/>
  <testcase name="Checkticketstatus" time="93.945" classname="logsfunctionalityscript.Check_ticket_client_script"/>
</testsuite> <!-- logsfunctionalityscript.Check_ticket_client_script -->
