<?xml version="1.0" encoding="UTF-8"?>
<!-- Generated by org.testng.reporters.JUnitReportReporter -->
<testsuite skipped="0" hostname="LAPTOP-PHDB1SI7" name="logsfunctionalityscript.logsvisibledropdown" tests="2" failures="0" timestamp="18 Jan 2019 07:32:15 GMT" time="61.880" errors="0">
  <testcase name="logisvisibleadmin" time="25.935" classname="logsfunctionalityscript.logsvisibledropdown"/>
  <testcase name="logisvisibleagent" time="35.945" classname="logsfunctionalityscript.logsvisibledropdown"/>
</testsuite> <!-- logsfunctionalityscript.logsvisibledropdown -->
