<?xml version="1.0" encoding="UTF-8"?>
<!-- Generated by org.testng.reporters.JUnitReportReporter -->
<testsuite skipped="0" hostname="LAPTOP-PHDB1SI7" name="logsfunctionalityscript.Change_password_script" tests="2" failures="0" timestamp="06 Feb 2019 12:10:49 GMT" time="115.851" errors="0">
  <testcase name="change_password" time="56.175" classname="logsfunctionalityscript.Change_password_script"/>
  <testcase name="change_password" time="59.676" classname="logsfunctionalityscript.Change_password_script"/>
</testsuite> <!-- logsfunctionalityscript.Change_password_script -->
