<?xml version="1.0" encoding="UTF-8"?>
<!-- Generated by org.testng.reporters.JUnitReportReporter -->
<testsuite skipped="0" hostname="LAPTOP-PHDB1SI7" name="logsfunctionalityscript.replyasclient" tests="2" failures="0" timestamp="01 Feb 2019 06:49:18 GMT" time="199.393" errors="0">
  <testcase name="replyclient" time="98.663" classname="logsfunctionalityscript.replyasclient"/>
  <testcase name="replyclient" time="100.730" classname="logsfunctionalityscript.replyasclient"/>
</testsuite> <!-- logsfunctionalityscript.replyasclient -->
