<?xml version="1.0" encoding="UTF-8"?>
<!-- Generated by org.testng.reporters.JUnitReportReporter -->
<testsuite skipped="0" hostname="LAPTOP-PHDB1SI7" name="logsfunctionalityscript.Assign_ticket_to_team_script" tests="2" failures="0" timestamp="09 Feb 2019 07:01:43 GMT" time="125.385" errors="0">
  <testcase name="assignTicket" time="60.141" classname="logsfunctionalityscript.Assign_ticket_to_team_script"/>
  <testcase name="assignTicket" time="65.244" classname="logsfunctionalityscript.Assign_ticket_to_team_script"/>
</testsuite> <!-- logsfunctionalityscript.Assign_ticket_to_team_script -->
