<?xml version="1.0" encoding="UTF-8"?>
<!-- Generated by org.testng.reporters.JUnitReportReporter -->
<testsuite skipped="0" hostname="LAPTOP-PHDB1SI7" name="logsfunctionalityscript.registermail" tests="4" failures="0" timestamp="01 Feb 2019 10:47:38 GMT" time="111.499" errors="0">
  <testcase name="registeruser" time="30.494" classname="logsfunctionalityscript.registermail"/>
  <testcase name="registeruser" time="21.795" classname="logsfunctionalityscript.registermail"/>
  <testcase name="checkmail" time="30.943" classname="logsfunctionalityscript.registermail"/>
  <testcase name="checkmail" time="28.267" classname="logsfunctionalityscript.registermail"/>
</testsuite> <!-- logsfunctionalityscript.registermail -->
