<?xml version="1.0" encoding="UTF-8"?>
<!-- Generated by org.testng.reporters.JUnitReportReporter -->
<testsuite skipped="0" hostname="LAPTOP-PHDB1SI7" name="logsfunctionalityscript.Logsscriptcreateticket" tests="6" failures="0" timestamp="04 Feb 2019 09:36:28 GMT" time="471.943" errors="0">
  <testcase name="createtickets" time="86.735" classname="logsfunctionalityscript.Logsscriptcreateticket"/>
  <testcase name="createtickets" time="64.062" classname="logsfunctionalityscript.Logsscriptcreateticket"/>
  <testcase name="createticketagent" time="69.799" classname="logsfunctionalityscript.Logsscriptcreateticket"/>
  <testcase name="createticketagent" time="95.217" classname="logsfunctionalityscript.Logsscriptcreateticket"/>
  <testcase name="createticketclient" time="65.039" classname="logsfunctionalityscript.Logsscriptcreateticket"/>
  <testcase name="createticketclient" time="91.091" classname="logsfunctionalityscript.Logsscriptcreateticket"/>
</testsuite> <!-- logsfunctionalityscript.Logsscriptcreateticket -->
